
SQL*Loader: Release 19.0.0.0.0 - Production on Thu Mar 23 17:33:33 2023
Version 19.18.0.0.0

Copyright (c) 1982, 2023, Oracle and/or its affiliates.  All rights reserved.

Control File:   ./loader.ctl
Character Set UTF8 specified for all input.
First primary datafile DB_Excel.csv has a
 utf8 byte order mark in it.

Data File:      DB_Excel.csv
  Bad File:     ./DB_Excel.bad
  Discard File:  none specified
 
 (Allow all discards)

Number to load: ALL
Number to skip: 0
Errors allowed: 50
Bind array:     250 rows, maximum of 1048576 bytes
Continuation:    none specified
Path used:      Conventional

Table TEMP, loaded from every logical record.
Insert option in effect for this table: APPEND
TRAILING NULLCOLS option in effect

   Column Name                  Position   Len  Term Encl Datatype
------------------------------ ---------- ----- ---- ---- ---------------------
NOMBRE_VICTIMA                      FIRST   100   ,  O(") CHARACTER            
APELLIDO_VICTIMA                     NEXT   100   ,  O(") CHARACTER            
DIRECCION_VICTIMA                    NEXT   100   ,  O(") CHARACTER            
FECHA_PRIMERA_SOSPECHA               NEXT   100   ,  O(") CHARACTER            
FECHA_CONFIRMACION                   NEXT   100   ,  O(") CHARACTER            
FECHA_MUERTE                         NEXT   100   ,  O(") CHARACTER            
ESTADO_VICTIMA                       NEXT   100   ,  O(") CHARACTER            
NOMBRE_ASOCIADO                      NEXT   100   ,  O(") CHARACTER            
APELLIDO_ASOCIADO                    NEXT   100   ,  O(") CHARACTER            
FECHA_CONOCIO                        NEXT   100   ,  O(") CHARACTER            
CONTACTO_FISICO                      NEXT   100   ,  O(") CHARACTER            
FECHA_INICIO_CONTACTO                NEXT   100   ,  O(") CHARACTER            
FECHA_FIN_CONTACTO                   NEXT   100   ,  O(") CHARACTER            
NOMBRE_HOSPITAL                      NEXT   100   ,  O(") CHARACTER            
DIRECCION_HOSPITAL                   NEXT   100   ,  O(") CHARACTER            
UBICACION_VICTIMA                    NEXT   100   ,  O(") CHARACTER            
FECHA_LLEGADA                        NEXT   100   ,  O(") CHARACTER            
FECHA_RETIRO                         NEXT   100   ,  O(") CHARACTER            
TRATAMIENTO                          NEXT   100   ,  O(") CHARACTER            
EFECTIVIDAD                          NEXT   100   ,  O(") CHARACTER            
FECHA_INICIO_TRATAMIENTO             NEXT   100   ,  O(") CHARACTER            
FECHA_FIN_TRATAMIENTO                NEXT   100   ,  O(") CHARACTER            
EFECTIVIDAD_EN_VICTIMA               NEXT   100   ,  O(") CHARACTER            


Table TEMP:
  14033 Rows successfully loaded.
  0 Rows not loaded due to data errors.
  0 Rows not loaded because all WHEN clauses were failed.
  0 Rows not loaded because all fields were null.


Space allocated for bind array:                 586500 bytes(250 rows)
Read   buffer bytes: 1048576

Total logical records skipped:          0
Total logical records read:         14033
Total logical records rejected:         0
Total logical records discarded:        0

Run began on Thu Mar 23 17:33:33 2023
Run ended on Thu Mar 23 17:33:37 2023

Elapsed time was:     00:00:03.76
CPU time was:         00:00:00.13
